{"name": "Test GCP bucket and AWS staging", "status": "failed", "statusDetails": {"message": "Failed: Failed to verify GCP bucket: AWS bucket 'your-aws-staging-bucket-name'             is empty for 2024-08-15\nassert 0 > 0\n +  where 0 = len([])", "trace": "driver = <selenium.webdriver.chrome.webdriver.WebDriver (session=\"4321f1b9d5ef292ef3e8e49193c174e9\")>, specific_date = '2024-08-15', gcp_bucket_name = 'your-gcp-bucket-name'\naws_staging_bucket_name = 'your-aws-staging-bucket-name'\n\n    @allure.title('Test GCP bucket and AWS staging')\n    def test_gcp_aws_not_empty(driver, specific_date, gcp_bucket_name, aws_staging_bucket_name):\n        gcp_url = f'https://storage.cloud.google.com/{gcp_bucket_name}/{specific_date}'\n        aws_url = f'http://s3.amazonaws.com/{aws_staging_bucket_name}/{specific_date}'\n    \n        with allure.step(f'Chek GCP bucket {gcp_bucket_name} for {specific_date}'):\n            try:\n                driver.get(gcp_url)\n                time.sleep(2)\n                gcp_bucket_links = driver.find_elements(By.TAG_NAME, value='a')\n                assert len(gcp_bucket_links) > 0, f\"GCP bucket '{gcp_bucket_name}' \\\n                is empty for {specific_date}\"\n            except Exception as e:\n                pytest.fail(f\"Failed to verify AWS bucket: {str(e)}\")\n    \n        with allure.step(f\"Check AWS bucket: {aws_url}\"):\n            try:\n                driver.get(aws_url)\n                time.sleep(2)\n                aws_links = driver.find_elements(By.TAG_NAME, value=\"a\")\n>               assert len(aws_links) > 0, f\"AWS bucket '{aws_staging_bucket_name}'\\\n                 is empty for {specific_date}\"\nE                AssertionError: AWS bucket 'your-aws-staging-bucket-name'             is empty for 2024-08-15\nE                assert 0 > 0\nE                 +  where 0 = len([])\n\ntest_gcp_aws_task_2.py:32: AssertionError\n\nDuring handling of the above exception, another exception occurred:\n\ndriver = <selenium.webdriver.chrome.webdriver.WebDriver (session=\"4321f1b9d5ef292ef3e8e49193c174e9\")>, specific_date = '2024-08-15', gcp_bucket_name = 'your-gcp-bucket-name'\naws_staging_bucket_name = 'your-aws-staging-bucket-name'\n\n    @allure.title('Test GCP bucket and AWS staging')\n    def test_gcp_aws_not_empty(driver, specific_date, gcp_bucket_name, aws_staging_bucket_name):\n        gcp_url = f'https://storage.cloud.google.com/{gcp_bucket_name}/{specific_date}'\n        aws_url = f'http://s3.amazonaws.com/{aws_staging_bucket_name}/{specific_date}'\n    \n        with allure.step(f'Chek GCP bucket {gcp_bucket_name} for {specific_date}'):\n            try:\n                driver.get(gcp_url)\n                time.sleep(2)\n                gcp_bucket_links = driver.find_elements(By.TAG_NAME, value='a')\n                assert len(gcp_bucket_links) > 0, f\"GCP bucket '{gcp_bucket_name}' \\\n                is empty for {specific_date}\"\n            except Exception as e:\n                pytest.fail(f\"Failed to verify AWS bucket: {str(e)}\")\n    \n        with allure.step(f\"Check AWS bucket: {aws_url}\"):\n            try:\n                driver.get(aws_url)\n                time.sleep(2)\n                aws_links = driver.find_elements(By.TAG_NAME, value=\"a\")\n                assert len(aws_links) > 0, f\"AWS bucket '{aws_staging_bucket_name}'\\\n                 is empty for {specific_date}\"\n            except Exception as e:\n>               pytest.fail(f\"Failed to verify GCP bucket: {str(e)}\")\nE               Failed: Failed to verify GCP bucket: AWS bucket 'your-aws-staging-bucket-name'             is empty for 2024-08-15\nE               assert 0 > 0\nE                +  where 0 = len([])\n\ntest_gcp_aws_task_2.py:35: Failed"}, "steps": [{"name": "Chek GCP bucket your-gcp-bucket-name for 2024-08-15", "status": "passed", "start": 1749327700157, "stop": 1749327703012}, {"name": "Check AWS bucket: http://s3.amazonaws.com/your-aws-staging-bucket-name/2024-08-15", "status": "failed", "statusDetails": {"message": "Failed: Failed to verify GCP bucket: AWS bucket 'your-aws-staging-bucket-name'             is empty for 2024-08-15\nassert 0 > 0\n +  where 0 = len([])\n", "trace": "  File \"/Users/oleksiilatypov/Desktop/DQE_program/Test Automation & Selenium Basics/Task1/tests/test_gcp_aws_task_2.py\", line 35, in test_gcp_aws_not_empty\n    pytest.fail(f\"Failed to verify GCP bucket: {str(e)}\")\n  File \"/opt/anaconda3/lib/python3.12/site-packages/_pytest/outcomes.py\", line 178, in fail\n    raise Failed(msg=reason, pytrace=pytrace)\n"}, "start": 1749327703012, "stop": 1749327705482}], "start": 1749327700156, "stop": 1749327705485, "uuid": "c73c3c57-8fb0-4812-b251-ac9932c3872b", "historyId": "746cc9cd47210e36665f75d283175ff3", "testCaseId": "746cc9cd47210e36665f75d283175ff3", "fullName": "tests.test_gcp_aws_task_2#test_gcp_aws_not_empty", "labels": [{"name": "parentSuite", "value": "tests"}, {"name": "suite", "value": "test_gcp_aws_task_2"}, {"name": "host", "value": "Noutbuk-Oleksii.local"}, {"name": "thread", "value": "33920-MainThread"}, {"name": "framework", "value": "pytest"}, {"name": "language", "value": "cpython3"}, {"name": "package", "value": "tests.test_gcp_aws_task_2"}]}